# JRE version: Java(TM) SE Runtime Environment (17.0.10+11) (build 17.0.10+11-LTS-240)
# Java VM: Java HotSpot(TM) 64-Bit Server VM (17.0.10+11-LTS-240, mixed mode, emulated-client, sharing, tiered, compressed oops, compressed class ptrs, g1 gc, windows-amd64)
GC Precious Log:
 CPUs: 12 total, 12 available
 Memory: 15713M
 Large Page Support: Disabled
 NUMA Support: Disabled
 Compressed Oops: Enabled (Zero based)
 Heap Region Size: 2M
 Heap Min Capacity: 8M
 Heap Initial Capacity: 246M
 Heap Max Capacity: 3930M
 Pre-touch: Disabled
 Parallel Workers: 10
 Concurrent Workers: 3
 Concurrent Refinement Workers: 10
 Periodic GC: Disabled
Heap:
 garbage-first heap   total 143360K, used 75381K [0x000000070a600000, 0x0000000800000000)
  region size 2048K, 14 young (28672K), 1 survivors (2048K)
 Metaspace       used 90577K, committed 91584K, reserved 1179648K
  class space    used 12851K, committed 13312K, reserved 1048576K
GC Heap History (20 events):
Event: 3582.110 GC heap before
{Heap before GC invocations=93 (full 18):
 garbage-first heap   total 143360K, used 119705K [0x000000070a600000, 0x0000000800000000)
  region size 2048K, 35 young (71680K), 1 survivors (2048K)
 Metaspace       used 90375K, committed 91328K, reserved 1179648K
  class space    used 12812K, committed 13248K, reserved 1048576K
}
Event: 3582.111 GC heap after
{Heap after GC invocations=94 (full 18):
 garbage-first heap   total 143360K, used 50020K [0x000000070a600000, 0x0000000800000000)
  region size 2048K, 1 young (2048K), 1 survivors (2048K)
 Metaspace       used 90375K, committed 91328K, reserved 1179648K
  class space    used 12812K, committed 13248K, reserved 1048576K
}
Event: 3694.643 GC heap before
{Heap before GC invocations=94 (full 18):
 garbage-first heap   total 143360K, used 119652K [0x000000070a600000, 0x0000000800000000)
  region size 2048K, 35 young (71680K), 1 survivors (2048K)
 Metaspace       used 90384K, committed 91392K, reserved 1179648K
  class space    used 12814K, committed 13248K, reserved 1048576K
}
Event: 3694.645 GC heap after
{Heap after GC invocations=95 (full 18):
 garbage-first heap   total 143360K, used 50089K [0x000000070a600000, 0x0000000800000000)
  region size 2048K, 1 young (2048K), 1 survivors (2048K)
 Metaspace       used 90384K, committed 91392K, reserved 1179648K
  class space    used 12814K, committed 13248K, reserved 1048576K
}
Event: 3810.028 GC heap before
{Heap before GC invocations=95 (full 18):
 garbage-first heap   total 143360K, used 119721K [0x000000070a600000, 0x0000000800000000)
  region size 2048K, 35 young (71680K), 1 survivors (2048K)
 Metaspace       used 90384K, committed 91392K, reserved 1179648K
  class space    used 12814K, committed 13248K, reserved 1048576K
}
Event: 3810.035 GC heap after
{Heap after GC invocations=96 (full 18):
 garbage-first heap   total 143360K, used 49999K [0x000000070a600000, 0x0000000800000000)
  region size 2048K, 1 young (2048K), 1 survivors (2048K)
 Metaspace       used 90384K, committed 91392K, reserved 1179648K
  class space    used 12814K, committed 13248K, reserved 1048576K
}
Event: 3924.555 GC heap before
{Heap before GC invocations=96 (full 18):
 garbage-first heap   total 143360K, used 119631K [0x000000070a600000, 0x0000000800000000)
  region size 2048K, 35 young (71680K), 1 survivors (2048K)
 Metaspace       used 90394K, committed 91392K, reserved 1179648K
  class space    used 12816K, committed 13248K, reserved 1048576K
}
Event: 3924.556 GC heap after
{Heap after GC invocations=97 (full 18):
 garbage-first heap   total 143360K, used 50027K [0x000000070a600000, 0x0000000800000000)
  region size 2048K, 1 young (2048K), 1 survivors (2048K)
 Metaspace       used 90394K, committed 91392K, reserved 1179648K
  class space    used 12816K, committed 13248K, reserved 1048576K
}
Event: 4037.612 GC heap before
{Heap before GC invocations=97 (full 18):
 garbage-first heap   total 143360K, used 119659K [0x000000070a600000, 0x0000000800000000)
  region size 2048K, 35 young (71680K), 1 survivors (2048K)
 Metaspace       used 90394K, committed 91392K, reserved 1179648K
  class space    used 12816K, committed 13248K, reserved 1048576K
}
Event: 4037.613 GC heap after
{Heap after GC invocations=98 (full 18):
 garbage-first heap   total 143360K, used 50051K [0x000000070a600000, 0x0000000800000000)
  region size 2048K, 1 young (2048K), 1 survivors (2048K)
 Metaspace       used 90394K, committed 91392K, reserved 1179648K
  class space    used 12816K, committed 13248K, reserved 1048576K
}
Event: 4152.885 GC heap before
{Heap before GC invocations=98 (full 18):
 garbage-first heap   total 143360K, used 119683K [0x000000070a600000, 0x0000000800000000)
  region size 2048K, 35 young (71680K), 1 survivors (2048K)
 Metaspace       used 90394K, committed 91392K, reserved 1179648K
  class space    used 12816K, committed 13248K, reserved 1048576K
}
Event: 4152.887 GC heap after
{Heap after GC invocations=99 (full 18):
 garbage-first heap   total 143360K, used 50031K [0x000000070a600000, 0x0000000800000000)
  region size 2048K, 1 young (2048K), 1 survivors (2048K)
 Metaspace       used 90394K, committed 91392K, reserved 1179648K
  class space    used 12816K, committed 13248K, reserved 1048576K
}
Event: 4266.673 GC heap before
{Heap before GC invocations=99 (full 18):
 garbage-first heap   total 143360K, used 119663K [0x000000070a600000, 0x0000000800000000)
  region size 2048K, 35 young (71680K), 1 survivors (2048K)
 Metaspace       used 90404K, committed 91456K, reserved 1179648K
  class space    used 12817K, committed 13312K, reserved 1048576K
}
Event: 4266.674 GC heap after
{Heap after GC invocations=100 (full 18):
 garbage-first heap   total 143360K, used 50041K [0x000000070a600000, 0x0000000800000000)
  region size 2048K, 1 young (2048K), 1 survivors (2048K)
 Metaspace       used 90404K, committed 91456K, reserved 1179648K
  class space    used 12817K, committed 13312K, reserved 1048576K
}
Event: 4379.703 GC heap before
{Heap before GC invocations=100 (full 18):
 garbage-first heap   total 143360K, used 119673K [0x000000070a600000, 0x0000000800000000)
  region size 2048K, 35 young (71680K), 1 survivors (2048K)
 Metaspace       used 90404K, committed 91456K, reserved 1179648K
  class space    used 12817K, committed 13312K, reserved 1048576K
}
Event: 4379.711 GC heap after
{Heap after GC invocations=101 (full 18):
 garbage-first heap   total 143360K, used 50123K [0x000000070a600000, 0x0000000800000000)
  region size 2048K, 1 young (2048K), 1 survivors (2048K)
 Metaspace       used 90404K, committed 91456K, reserved 1179648K
  class space    used 12817K, committed 13312K, reserved 1048576K
}
Event: 4484.725 GC heap before
{Heap before GC invocations=101 (full 18):
 garbage-first heap   total 143360K, used 119755K [0x000000070a600000, 0x0000000800000000)
  region size 2048K, 35 young (71680K), 1 survivors (2048K)
 Metaspace       used 90404K, committed 91456K, reserved 1179648K
  class space    used 12817K, committed 13312K, reserved 1048576K
}
Event: 4484.727 GC heap after
{Heap after GC invocations=102 (full 18):
 garbage-first heap   total 143360K, used 50771K [0x000000070a600000, 0x0000000800000000)
  region size 2048K, 1 young (2048K), 1 survivors (2048K)
 Metaspace       used 90404K, committed 91456K, reserved 1179648K
  class space    used 12817K, committed 13312K, reserved 1048576K
}
Event: 4587.695 GC heap before
{Heap before GC invocations=102 (full 18):
 garbage-first heap   total 143360K, used 120403K [0x000000070a600000, 0x0000000800000000)
  region size 2048K, 35 young (71680K), 1 survivors (2048K)
 Metaspace       used 90497K, committed 91520K, reserved 1179648K
  class space    used 12837K, committed 13312K, reserved 1048576K
}
Event: 4587.696 GC heap after
{Heap after GC invocations=103 (full 18):
 garbage-first heap   total 143360K, used 50805K [0x000000070a600000, 0x0000000800000000)
  region size 2048K, 1 young (2048K), 1 survivors (2048K)
 Metaspace       used 90497K, committed 91520K, reserved 1179648K
  class space    used 12837K, committed 13312K, reserved 1048576K
}

